<!DOCTYPE html PUBLIC "-//W3C//DTD XHTML 1.1//EN" "https://www.w3.org/TR/xhtml11/DTD/xhtml11.dtd">
<html xmlns="https://www.w3.org/1999/xhtml">
<head>
<meta http-equiv="content-type" content="text/html; charset=UTF-8"/>
<title>TestNG Report</title>
<style type="text/css">table {margin-bottom:10px;border-collapse:collapse;empty-cells:show}th,td {border:1px solid #009;padding:.25em .5em}th {vertical-align:bottom}td {vertical-align:top}table a {font-weight:bold}.stripe td {background-color: #E6EBF9}.num {text-align:right}.passedodd td {background-color: #3F3}.passedeven td {background-color: #0A0}.skippedodd td {background-color: #DDD}.skippedeven td {background-color: #CCC}.failedodd td,.attn {background-color: #F33}.failedeven td,.stripe .attn {background-color: #D00}.stacktrace {white-space:pre;font-family:monospace}.totop {font-size:85%;text-align:center;border-bottom:2px solid #000}.invisible {display:none}</style>
</head>
<body>
<table>
<tr><th>Test</th><th># Passed</th><th># Skipped</th><th># Retried</th><th># Failed</th><th>Time (ms)</th><th>Included Groups</th><th>Excluded Groups</th></tr>
<tr><th colspan="8">Parallel Chrome Resolution Test Suite</th></tr>
<tr><td><a href="#t0">Chrome_1440x900</a></td><td class="num">0</td><td class="num">0</td><td class="num">0</td><td class="num attn">1</td><td class="num">27,376</td><td></td><td></td></tr>
<tr class="stripe"><td><a href="#t1">Chrome_1366x768</a></td><td class="num">0</td><td class="num">0</td><td class="num">0</td><td class="num attn">1</td><td class="num">29,852</td><td></td><td></td></tr>
<tr><td><a href="#t2">Chrome_1024x768</a></td><td class="num">0</td><td class="num">0</td><td class="num">0</td><td class="num attn">1</td><td class="num">46,677</td><td></td><td></td></tr>
<tr><th>Total</th><th class="num">0</th><th class="num">0</th><th class="num">0</th><th class="num attn">3</th><th class="num">103,905</th><th colspan="2"></th></tr>
</table>
<table id='summary'><thead><tr><th>Class</th><th>Method</th><th>Start</th><th>Time (ms)</th></tr></thead><tbody><tr><th colspan="4">Parallel Chrome Resolution Test Suite</th></tr></tbody><tbody id="t0"><tr><th colspan="4">Chrome_1440x900 &#8212; failed</th></tr><tr class="failedeven"><td rowspan="1">com.selenium.ft.FilterTest</td><td><a href="#m0">test</a></td><td rowspan="1">1739265530331</td><td rowspan="1">20652</td></tr></tbody>
<tbody id="t1"><tr><th colspan="4">Chrome_1366x768 &#8212; failed</th></tr><tr class="failedeven"><td rowspan="1">com.selenium.ft.FilterTest</td><td><a href="#m1">test</a></td><td rowspan="1">1739265530327</td><td rowspan="1">23540</td></tr></tbody>
<tbody id="t2"><tr><th colspan="4">Chrome_1024x768 &#8212; failed</th></tr><tr class="failedeven"><td rowspan="1">com.selenium.ft.FilterTest</td><td><a href="#m2">test</a></td><td rowspan="1">1739265530328</td><td rowspan="1">40282</td></tr></tbody>
</table>
<h2>Chrome_1440x900</h2><h3 id="m0">com.selenium.ft.FilterTest#test</h3><table class="result"><tr><th>Exception</th></tr><tr><td><div class="stacktrace">java.lang.ExceptionInInitializerError
	at com.selenium.ft.pages.EditorPage.&lt;clinit&gt;(EditorPage.java:11)
	at com.selenium.ft.pages.SearchPage.clickOnPlusAsset(SearchPage.java:89)
	at com.selenium.ft.FilterTest.test(FilterTest.java:67)
	at java.base/java.util.ArrayList.forEach(ArrayList.java:1597)
	at java.base/java.util.concurrent.FutureTask.run(FutureTask.java:317)
	at java.base/java.util.concurrent.ThreadPoolExecutor.runWorker(ThreadPoolExecutor.java:1144)
	at java.base/java.util.concurrent.ThreadPoolExecutor$Worker.run(ThreadPoolExecutor.java:642)
	at java.base/java.lang.Thread.run(Thread.java:1570)
Caused by: java.lang.RuntimeException: Failed to load configuration file: src\test\resources\configuration.properties (The system cannot find the path specified)
	at com.selenium.ft.setup.ConfigReader.&lt;clinit&gt;(ConfigReader.java:16)
	... 23 more
... Removed 15 stack frames</div></td></tr></table><p class="totop"><a href="#summary">back to summary</a></p>
<h2>Chrome_1366x768</h2><h3 id="m1">com.selenium.ft.FilterTest#test</h3><table class="result"><tr><th>Exception</th></tr><tr><td><div class="stacktrace">java.lang.NoClassDefFoundError: Could not initialize class com.selenium.ft.pages.EditorPage
	at com.selenium.ft.pages.SearchPage.clickOnPlusAsset(SearchPage.java:89)
	at com.selenium.ft.FilterTest.test(FilterTest.java:67)
	at java.base/java.util.ArrayList.forEach(ArrayList.java:1597)
	at java.base/java.util.concurrent.FutureTask.run(FutureTask.java:317)
	at java.base/java.util.concurrent.ThreadPoolExecutor.runWorker(ThreadPoolExecutor.java:1144)
	at java.base/java.util.concurrent.ThreadPoolExecutor$Worker.run(ThreadPoolExecutor.java:642)
	at java.base/java.lang.Thread.run(Thread.java:1570)
Caused by: java.lang.ExceptionInInitializerError: Exception java.lang.ExceptionInInitializerError [in thread &quot;TestNG-tests-2&quot;]
	at com.selenium.ft.pages.EditorPage.&lt;clinit&gt;(EditorPage.java:11)
	... 22 more
... Removed 15 stack frames</div></td></tr></table><p class="totop"><a href="#summary">back to summary</a></p>
<h2>Chrome_1024x768</h2><h3 id="m2">com.selenium.ft.FilterTest#test</h3><table class="result"><tr><th>Exception</th></tr><tr><td><div class="stacktrace">org.openqa.selenium.TimeoutException: Expected condition failed: waiting for element to be clickable: By.cssSelector: [data-testid=item-container]&gt;div&gt;div (tried for 30 second(s) with 500 milliseconds interval)
Build info: version: &apos;4.28.1&apos;, revision: &apos;73f5ad48a2&apos;
System info: os.name: &apos;Windows 10&apos;, os.arch: &apos;amd64&apos;, os.version: &apos;10.0&apos;, java.version: &apos;22.0.2&apos;
Driver info: org.openqa.selenium.chrome.ChromeDriver
Capabilities {acceptInsecureCerts: false, browserName: chrome, browserVersion: 133.0.6943.60, chrome: {chromedriverVersion: 133.0.6943.53 (9a80935019b0..., userDataDir: C:\Users\Admin\AppData\Loca...}, fedcm:accounts: true, goog:chromeOptions: {debuggerAddress: localhost:50393}, networkConnectionEnabled: false, pageLoadStrategy: normal, platformName: windows, proxy: Proxy(), se:cdp: ws://localhost:50393/devtoo..., se:cdpVersion: 133.0.6943.60, setWindowRect: true, strictFileInteractability: false, timeouts: {implicit: 0, pageLoad: 300000, script: 30000}, unhandledPromptBehavior: dismiss and notify, webauthn:extension:credBlob: true, webauthn:extension:largeBlob: true, webauthn:extension:minPinLength: true, webauthn:extension:prf: true, webauthn:virtualAuthenticators: true}
Session ID: 86d1d083bc7356947efa8fb401bf2ef1
	at org.openqa.selenium.support.ui.WebDriverWait.timeoutException(WebDriverWait.java:84)
	at org.openqa.selenium.support.ui.FluentWait.until(FluentWait.java:228)
	at com.selenium.ft.pages.BasePage.click(BasePage.java:33)
	at com.selenium.ft.pages.SearchPage.clickOnFirstImage(SearchPage.java:81)
	at com.selenium.ft.FilterTest.test(FilterTest.java:41)
	at java.base/java.util.ArrayList.forEach(ArrayList.java:1597)
	at java.base/java.util.concurrent.FutureTask.run(FutureTask.java:317)
	at java.base/java.util.concurrent.ThreadPoolExecutor.runWorker(ThreadPoolExecutor.java:1144)
	at java.base/java.util.concurrent.ThreadPoolExecutor$Worker.run(ThreadPoolExecutor.java:642)
	at java.base/java.lang.Thread.run(Thread.java:1570)
... Removed 15 stack frames</div></td></tr></table><p class="totop"><a href="#summary">back to summary</a></p>
</body>
</html>
